<?xml version="1.0" encoding="UTF-8"?>
<!-- Generated by org.testng.reporters.JUnitReportReporter -->
<testsuite hostname="MNL-LAP-1571" failures="0" tests="2" name="SampleTestNg" time="0.007" errors="0" timestamp="2022-12-15T22:55:04 PST" skipped="0">
  <testcase classname="SampleTestNg" name="FirstTest" time="0.006"/>
  <system-out/>
  <testcase classname="SampleTestNg" name="SecondTest" time="0.001"/>
  <system-out/>
</testsuite> <!-- SampleTestNg -->
