<?xml version="1.0" encoding="UTF-8"?>
<!-- Generated by org.testng.reporters.JUnitReportReporter -->
<testsuite hostname="MNL-LAP-1571" failures="0" tests="1" name="SecondTest" time="0.002" errors="0" timestamp="2022-12-15T22:55:04 PST" skipped="0">
  <testcase classname="SecondTest" name="ThirdTest" time="0.002"/>
  <system-out/>
</testsuite> <!-- SecondTest -->
